<?xml version="1.0" encoding="UTF-8"?>
<testsuite xmlns:xsi="http://www.w3.org/2001/XMLSchema-instance" xsi:noNamespaceSchemaLocation="https://maven.apache.org/surefire/maven-surefire-plugin/xsd/surefire-test-report-3.0.xsd" version="3.0" name="com.wifi.positioning.algorithm.GPSPositioningCalculatorIntegrationTest$AccuracyAndConfidenceIntegrationTests" time="0.234" tests="7" errors="0" skipped="0" failures="0">
  <properties>
[...]
</properties>
  <testcase name="shouldHandleClusteredAPs" classname="com.wifi.positioning.algorithm.GPSPositioningCalculatorIntegrationTest$AccuracyAndConfidenceIntegrationTests" time="0.098">
    <system-out><![CDATA[2025-05-02T23:00:19.095-04:00 DEBUG 14342 --- [wifi-positioning-service-test] [pool-5-thread-1] c.w.p.algorithm.util.GDOPCalculator      : Matrix is singular, returning maximum GDOP
2025-05-02T23:00:19.097-04:00 DEBUG 14342 --- [wifi-positioning-service-test] [pool-5-thread-3] c.w.p.algorithm.util.GDOPCalculator      : Calculated GDOP = 5.405065711033793 for 4 APs
2025-05-02T23:00:19.102-04:00 DEBUG 14342 --- [wifi-positioning-service-test] [pool-5-thread-1] c.w.p.algorithm.util.GDOPCalculator      : Matrix is singular, returning maximum GDOP
2025-05-02T23:00:19.109-04:00 DEBUG 14342 --- [wifi-positioning-service-test] [           main] .w.p.a.s.WeightedAveragePositionCombiner : Combining 2 positions:
2025-05-02T23:00:19.110-04:00 DEBUG 14342 --- [wifi-positioning-service-test] [           main] .w.p.a.s.WeightedAveragePositionCombiner :   Position: lat=1.0022174783742692, lon=1.0064676721038817, accuracy=5.0, confidence=0.8, weight=0.96
2025-05-02T23:00:19.110-04:00 DEBUG 14342 --- [wifi-positioning-service-test] [           main] .w.p.a.s.WeightedAveragePositionCombiner :   Position: lat=0.9883343486216348, lon=0.9883323177356945, accuracy=4.276899641637672, confidence=0.8, weight=0.935
2025-05-02T23:00:19.110-04:00 DEBUG 14342 --- [wifi-positioning-service-test] [           main] .w.p.a.s.WeightedAveragePositionCombiner : Covariance matrix: [4.819370934737319E-5, 6.295482451758964E-5; 6.295482451758964E-5, 8.223707997808486E-5]
2025-05-02T23:00:19.110-04:00 DEBUG 14342 --- [wifi-positioning-service-test] [           main] .w.p.a.s.WeightedAveragePositionCombiner : Is collinear: false
2025-05-02T23:00:19.111-04:00 DEBUG 14342 --- [wifi-positioning-service-test] [           main] .w.p.a.s.WeightedAveragePositionCombiner : Geometric quality factor: 3.0, Condition number: 1.7976931348623157E308
2025-05-02T23:00:19.115-04:00 DEBUG 14342 --- [wifi-positioning-service-test] [           main] .w.p.a.s.WeightedAveragePositionCombiner : Average accuracy: 4.6384498208188365, Max accuracy: 5.0
2025-05-02T23:00:19.116-04:00 DEBUG 14342 --- [wifi-positioning-service-test] [           main] .w.p.a.s.WeightedAveragePositionCombiner : Adjusted accuracy: 13.91534946245651
2025-05-02T23:00:19.116-04:00 DEBUG 14342 --- [wifi-positioning-service-test] [           main] .w.p.a.s.WeightedAveragePositionCombiner : Adjusted confidence: 0.46188021535170065
2025-05-02T23:00:19.116-04:00 DEBUG 14342 --- [wifi-positioning-service-test] [           main] .w.p.a.s.WeightedAveragePositionCombiner : Final position: Position[latitude=0.9953674908709904, longitude=0.9975196212678631, altitude=10.0, accuracy=13.91534946245651, confidence=0.46188021535170065]
]]></system-out>
  </testcase>
  <testcase name="shouldVerifyAlgorithmSelection" classname="com.wifi.positioning.algorithm.GPSPositioningCalculatorIntegrationTest$AccuracyAndConfidenceIntegrationTests" time="0.018">
    <system-out><![CDATA[2025-05-02T23:00:19.163-04:00 DEBUG 14342 --- [wifi-positioning-service-test] [pool-6-thread-3] c.w.p.algorithm.util.GDOPCalculator      : Calculated GDOP = 27.849333464451497 for 4 APs
2025-05-02T23:00:19.163-04:00 DEBUG 14342 --- [wifi-positioning-service-test] [pool-6-thread-1] c.w.p.algorithm.util.GDOPCalculator      : Matrix is singular, returning maximum GDOP
2025-05-02T23:00:19.170-04:00 DEBUG 14342 --- [wifi-positioning-service-test] [pool-6-thread-1] c.w.p.algorithm.util.GDOPCalculator      : Matrix is singular, returning maximum GDOP
2025-05-02T23:00:19.171-04:00 DEBUG 14342 --- [wifi-positioning-service-test] [           main] .w.p.a.s.WeightedAveragePositionCombiner : Combining 2 positions:
2025-05-02T23:00:19.172-04:00 DEBUG 14342 --- [wifi-positioning-service-test] [           main] .w.p.a.s.WeightedAveragePositionCombiner :   Position: lat=1.406671477272907, lon=1.4800511822306457, accuracy=5.0, confidence=0.8, weight=0.96
2025-05-02T23:00:19.172-04:00 DEBUG 14342 --- [wifi-positioning-service-test] [           main] .w.p.a.s.WeightedAveragePositionCombiner :   Position: lat=1.2249923853377385, lon=1.0131521343820649, accuracy=5.0, confidence=0.8, weight=0.935
2025-05-02T23:00:19.172-04:00 DEBUG 14342 --- [wifi-positioning-service-test] [           main] .w.p.a.s.WeightedAveragePositionCombiner : Covariance matrix: [0.00825325930027411, 0.02121013963632376; 0.02121013963632376, 0.05450816544409444]
2025-05-02T23:00:19.172-04:00 DEBUG 14342 --- [wifi-positioning-service-test] [           main] .w.p.a.s.WeightedAveragePositionCombiner : Is collinear: false
2025-05-02T23:00:19.172-04:00 DEBUG 14342 --- [wifi-positioning-service-test] [           main] .w.p.a.s.WeightedAveragePositionCombiner : Geometric quality factor: 3.0, Condition number: 1.7976931348623157E308
2025-05-02T23:00:19.173-04:00 DEBUG 14342 --- [wifi-positioning-service-test] [           main] .w.p.a.s.WeightedAveragePositionCombiner : Average accuracy: 5.0, Max accuracy: 5.0
2025-05-02T23:00:19.173-04:00 DEBUG 14342 --- [wifi-positioning-service-test] [           main] .w.p.a.s.WeightedAveragePositionCombiner : Adjusted accuracy: 15.0
2025-05-02T23:00:19.174-04:00 DEBUG 14342 --- [wifi-positioning-service-test] [           main] .w.p.a.s.WeightedAveragePositionCombiner : Adjusted confidence: 0.46188021535170065
2025-05-02T23:00:19.174-04:00 DEBUG 14342 --- [wifi-positioning-service-test] [           main] .w.p.a.s.WeightedAveragePositionCombiner : Final position: Position[latitude=1.3170303422019924, longitude=1.2496814673291032, altitude=10.0, accuracy=15.0, confidence=0.46188021535170065]
]]></system-out>
  </testcase>
  <testcase name="shouldReturnLowerAccuracyConfidenceForWeakSignals" classname="com.wifi.positioning.algorithm.GPSPositioningCalculatorIntegrationTest$AccuracyAndConfidenceIntegrationTests" time="0.028">
    <system-out><![CDATA[2025-05-02T23:00:19.201-04:00 DEBUG 14342 --- [wifi-positioning-service-test] [pool-7-thread-4] c.w.p.algorithm.util.GDOPCalculator      : Calculated GDOP = 27.849333464451497 for 4 APs
2025-05-02T23:00:19.201-04:00 DEBUG 14342 --- [wifi-positioning-service-test] [pool-7-thread-3] c.w.p.algorithm.util.GDOPCalculator      : Matrix is singular, returning maximum GDOP
2025-05-02T23:00:19.205-04:00 DEBUG 14342 --- [wifi-positioning-service-test] [pool-7-thread-3] c.w.p.algorithm.util.GDOPCalculator      : Calculated GDOP = 3.031043968903131E17 for 4 APs
2025-05-02T23:00:19.205-04:00 DEBUG 14342 --- [wifi-positioning-service-test] [           main] .w.p.a.s.WeightedAveragePositionCombiner : Combining 2 positions:
2025-05-02T23:00:19.205-04:00 DEBUG 14342 --- [wifi-positioning-service-test] [           main] .w.p.a.s.WeightedAveragePositionCombiner :   Position: lat=1.3868344138442958, lon=1.5269588059673447, accuracy=25.0, confidence=0.48453645833333336, weight=0.4
2025-05-02T23:00:19.205-04:00 DEBUG 14342 --- [wifi-positioning-service-test] [           main] .w.p.a.s.WeightedAveragePositionCombiner :   Position: lat=1.133323180450318, lon=1.0270847703374493, accuracy=400.0, confidence=0.445625, weight=0.425
2025-05-02T23:00:19.205-04:00 DEBUG 14342 --- [wifi-positioning-service-test] [           main] .w.p.a.s.WeightedAveragePositionCombiner : Covariance matrix: [0.01608174025437559, 0.03171001258320348; 0.03171001258320348, 0.06252587606327836]
2025-05-02T23:00:19.206-04:00 DEBUG 14342 --- [wifi-positioning-service-test] [           main] .w.p.a.s.WeightedAveragePositionCombiner : Is collinear: false
2025-05-02T23:00:19.206-04:00 DEBUG 14342 --- [wifi-positioning-service-test] [           main] .w.p.a.s.WeightedAveragePositionCombiner : Geometric quality factor: 3.0, Condition number: 1.7976931348623157E308
2025-05-02T23:00:19.207-04:00 DEBUG 14342 --- [wifi-positioning-service-test] [           main] .w.p.a.s.WeightedAveragePositionCombiner : Average accuracy: 212.5, Max accuracy: 400.0
2025-05-02T23:00:19.207-04:00 DEBUG 14342 --- [wifi-positioning-service-test] [           main] .w.p.a.s.WeightedAveragePositionCombiner : Adjusted accuracy: 637.5
2025-05-02T23:00:19.207-04:00 DEBUG 14342 --- [wifi-positioning-service-test] [           main] .w.p.a.s.WeightedAveragePositionCombiner : Adjusted confidence: 0.2681740971952929
2025-05-02T23:00:19.207-04:00 DEBUG 14342 --- [wifi-positioning-service-test] [           main] .w.p.a.s.WeightedAveragePositionCombiner : Final position: Position[latitude=1.256237717853459, longitude=1.2694479391277016, altitude=10.0, accuracy=637.5, confidence=0.2681740971952929]
]]></system-out>
  </testcase>
  <testcase name="shouldHandleCollinearAPs" classname="com.wifi.positioning.algorithm.GPSPositioningCalculatorIntegrationTest$AccuracyAndConfidenceIntegrationTests" time="0.019">
    <system-out><![CDATA[2025-05-02T23:00:19.227-04:00 DEBUG 14342 --- [wifi-positioning-service-test] [pool-8-thread-1] c.w.p.algorithm.util.GDOPCalculator      : Matrix is singular, returning maximum GDOP
2025-05-02T23:00:19.227-04:00 DEBUG 14342 --- [wifi-positioning-service-test] [pool-8-thread-3] c.w.p.algorithm.util.GDOPCalculator      : Matrix is singular, returning maximum GDOP
2025-05-02T23:00:19.229-04:00 DEBUG 14342 --- [wifi-positioning-service-test] [pool-8-thread-1] c.w.p.algorithm.util.GDOPCalculator      : Matrix is singular, returning maximum GDOP
2025-05-02T23:00:19.230-04:00 DEBUG 14342 --- [wifi-positioning-service-test] [           main] .w.p.a.s.WeightedAveragePositionCombiner : Combining 2 positions:
2025-05-02T23:00:19.230-04:00 DEBUG 14342 --- [wifi-positioning-service-test] [           main] .w.p.a.s.WeightedAveragePositionCombiner :   Position: lat=1.0, lon=1.8472647757795293, accuracy=5.0, confidence=0.8, weight=0.8
2025-05-02T23:00:19.230-04:00 DEBUG 14342 --- [wifi-positioning-service-test] [           main] .w.p.a.s.WeightedAveragePositionCombiner :   Position: lat=1.0, lon=1.8689888169003377, accuracy=5.0, confidence=0.8, weight=0.935
2025-05-02T23:00:19.230-04:00 DEBUG 14342 --- [wifi-positioning-service-test] [           main] .w.p.a.s.WeightedAveragePositionCombiner : Covariance matrix: [0.0, 0.0; 0.0, 1.1869780573646647E-4]
2025-05-02T23:00:19.231-04:00 DEBUG 14342 --- [wifi-positioning-service-test] [           main] .w.p.a.s.WeightedAveragePositionCombiner : Is collinear: false
2025-05-02T23:00:19.231-04:00 DEBUG 14342 --- [wifi-positioning-service-test] [           main] .w.p.a.s.WeightedAveragePositionCombiner : Geometric quality factor: 3.0, Condition number: 1.7976931348623157E308
2025-05-02T23:00:19.231-04:00 DEBUG 14342 --- [wifi-positioning-service-test] [           main] .w.p.a.s.WeightedAveragePositionCombiner : Average accuracy: 5.0, Max accuracy: 5.0
2025-05-02T23:00:19.231-04:00 DEBUG 14342 --- [wifi-positioning-service-test] [           main] .w.p.a.s.WeightedAveragePositionCombiner : Adjusted accuracy: 15.0
2025-05-02T23:00:19.231-04:00 DEBUG 14342 --- [wifi-positioning-service-test] [           main] .w.p.a.s.WeightedAveragePositionCombiner : Adjusted confidence: 0.46188021535170065
2025-05-02T23:00:19.231-04:00 DEBUG 14342 --- [wifi-positioning-service-test] [           main] .w.p.a.s.WeightedAveragePositionCombiner : Final position: Position[latitude=1.0, longitude=1.8589719679685528, altitude=10.0, accuracy=15.0, confidence=0.46188021535170065]
]]></system-out>
  </testcase>
  <testcase name="shouldReturnHighAccuracyConfidenceForStrongSignals" classname="com.wifi.positioning.algorithm.GPSPositioningCalculatorIntegrationTest$AccuracyAndConfidenceIntegrationTests" time="0.012">
    <system-out><![CDATA[2025-05-02T23:00:19.236-04:00 DEBUG 14342 --- [wifi-positioning-service-test] [pool-9-thread-3] c.w.p.algorithm.util.GDOPCalculator      : Calculated GDOP = 27.849333464451497 for 4 APs
2025-05-02T23:00:19.236-04:00 DEBUG 14342 --- [wifi-positioning-service-test] [pool-9-thread-1] c.w.p.algorithm.util.GDOPCalculator      : Matrix is singular, returning maximum GDOP
2025-05-02T23:00:19.242-04:00 DEBUG 14342 --- [wifi-positioning-service-test] [pool-9-thread-1] c.w.p.algorithm.util.GDOPCalculator      : Matrix is singular, returning maximum GDOP
2025-05-02T23:00:19.242-04:00 DEBUG 14342 --- [wifi-positioning-service-test] [           main] .w.p.a.s.WeightedAveragePositionCombiner : Combining 2 positions:
2025-05-02T23:00:19.243-04:00 DEBUG 14342 --- [wifi-positioning-service-test] [           main] .w.p.a.s.WeightedAveragePositionCombiner :   Position: lat=1.4426587155219894, lon=1.522536847384741, accuracy=5.0, confidence=0.8, weight=0.96
2025-05-02T23:00:19.243-04:00 DEBUG 14342 --- [wifi-positioning-service-test] [           main] .w.p.a.s.WeightedAveragePositionCombiner :   Position: lat=1.2249923853377385, lon=1.0231134925166545, accuracy=5.0, confidence=0.8, weight=0.935
2025-05-02T23:00:19.243-04:00 DEBUG 14342 --- [wifi-positioning-service-test] [           main] .w.p.a.s.WeightedAveragePositionCombiner : Covariance matrix: [0.011846719327618514, 0.027181642221705105; 0.027181642221705105, 0.062366774584277]
2025-05-02T23:00:19.243-04:00 DEBUG 14342 --- [wifi-positioning-service-test] [           main] .w.p.a.s.WeightedAveragePositionCombiner : Is collinear: false
2025-05-02T23:00:19.243-04:00 DEBUG 14342 --- [wifi-positioning-service-test] [           main] .w.p.a.s.WeightedAveragePositionCombiner : Geometric quality factor: 3.0, Condition number: 1.7976931348623157E308
2025-05-02T23:00:19.243-04:00 DEBUG 14342 --- [wifi-positioning-service-test] [           main] .w.p.a.s.WeightedAveragePositionCombiner : Average accuracy: 5.0, Max accuracy: 5.0
2025-05-02T23:00:19.243-04:00 DEBUG 14342 --- [wifi-positioning-service-test] [           main] .w.p.a.s.WeightedAveragePositionCombiner : Adjusted accuracy: 15.0
2025-05-02T23:00:19.243-04:00 DEBUG 14342 --- [wifi-positioning-service-test] [           main] .w.p.a.s.WeightedAveragePositionCombiner : Adjusted confidence: 0.46188021535170065
2025-05-02T23:00:19.243-04:00 DEBUG 14342 --- [wifi-positioning-service-test] [           main] .w.p.a.s.WeightedAveragePositionCombiner : Final position: Position[latitude=1.3352613441645884, longitude=1.2761195192572155, altitude=10.0, accuracy=15.0, confidence=0.46188021535170065]
]]></system-out>
  </testcase>
  <testcase name="shouldHandleMixedSignalQuality" classname="com.wifi.positioning.algorithm.GPSPositioningCalculatorIntegrationTest$AccuracyAndConfidenceIntegrationTests" time="0.019">
    <system-out><![CDATA[2025-05-02T23:00:19.258-04:00 DEBUG 14342 --- [wifi-positioning-service-test] [ool-10-thread-3] c.w.p.algorithm.util.GDOPCalculator      : Calculated GDOP = 27.849333464451497 for 4 APs
2025-05-02T23:00:19.259-04:00 DEBUG 14342 --- [wifi-positioning-service-test] [ool-10-thread-1] c.w.p.algorithm.util.GDOPCalculator      : Matrix is singular, returning maximum GDOP
2025-05-02T23:00:19.265-04:00 DEBUG 14342 --- [wifi-positioning-service-test] [ool-10-thread-1] c.w.p.algorithm.util.GDOPCalculator      : Matrix is singular, returning maximum GDOP
2025-05-02T23:00:19.266-04:00 DEBUG 14342 --- [wifi-positioning-service-test] [           main] .w.p.a.s.WeightedAveragePositionCombiner : Combining 2 positions:
2025-05-02T23:00:19.266-04:00 DEBUG 14342 --- [wifi-positioning-service-test] [           main] .w.p.a.s.WeightedAveragePositionCombiner :   Position: lat=1.001749784914231, lon=1.3343881261912411, accuracy=25.0, confidence=0.5831875000000001, weight=0.8800000000000001
2025-05-02T23:00:19.266-04:00 DEBUG 14342 --- [wifi-positioning-service-test] [           main] .w.p.a.s.WeightedAveragePositionCombiner :   Position: lat=0.8121089035322442, lon=0.9490672703277924, accuracy=400.0, confidence=0.58745, weight=0.595
2025-05-02T23:00:19.266-04:00 DEBUG 14342 --- [wifi-positioning-service-test] [           main] .w.p.a.s.WeightedAveragePositionCombiner : Covariance matrix: [0.009326583723431592, 0.018950171484154073; 0.018950171484154073, 0.03850380910393166]
2025-05-02T23:00:19.266-04:00 DEBUG 14342 --- [wifi-positioning-service-test] [           main] .w.p.a.s.WeightedAveragePositionCombiner : Is collinear: false
2025-05-02T23:00:19.266-04:00 DEBUG 14342 --- [wifi-positioning-service-test] [           main] .w.p.a.s.WeightedAveragePositionCombiner : Geometric quality factor: 3.0, Condition number: 1.7976931348623157E308
2025-05-02T23:00:19.266-04:00 DEBUG 14342 --- [wifi-positioning-service-test] [           main] .w.p.a.s.WeightedAveragePositionCombiner : Average accuracy: 212.5, Max accuracy: 400.0
2025-05-02T23:00:19.267-04:00 DEBUG 14342 --- [wifi-positioning-service-test] [           main] .w.p.a.s.WeightedAveragePositionCombiner : Adjusted accuracy: 637.5
2025-05-02T23:00:19.267-04:00 DEBUG 14342 --- [wifi-positioning-service-test] [           main] .w.p.a.s.WeightedAveragePositionCombiner : Adjusted confidence: 0.33769618454410316
2025-05-02T23:00:19.267-04:00 DEBUG 14342 --- [wifi-positioning-service-test] [           main] .w.p.a.s.WeightedAveragePositionCombiner : Final position: Position[latitude=0.9252505819160737, longitude=1.178953611453104, altitude=10.0, accuracy=637.5, confidence=0.33769618454410316]
]]></system-out>
  </testcase>
  <testcase name="shouldHaveImprovedMetricsWithManyAPs" classname="com.wifi.positioning.algorithm.GPSPositioningCalculatorIntegrationTest$AccuracyAndConfidenceIntegrationTests" time="0.012">
    <system-out><![CDATA[2025-05-02T23:00:19.279-04:00 DEBUG 14342 --- [wifi-positioning-service-test] [ool-11-thread-1] c.w.p.algorithm.util.GDOPCalculator      : Calculated GDOP = 0.0 for 9 APs
2025-05-02T23:00:19.279-04:00 DEBUG 14342 --- [wifi-positioning-service-test] [ool-11-thread-3] c.w.p.algorithm.util.GDOPCalculator      : Calculated GDOP = 0.7747384540479328 for 9 APs
2025-05-02T23:00:19.281-04:00 DEBUG 14342 --- [wifi-positioning-service-test] [ool-11-thread-1] c.w.p.algorithm.util.GDOPCalculator      : Calculated GDOP = 1.3232700682413625 for 9 APs
2025-05-02T23:00:19.281-04:00 DEBUG 14342 --- [wifi-positioning-service-test] [           main] .w.p.a.s.WeightedAveragePositionCombiner : Combining 2 positions:
2025-05-02T23:00:19.281-04:00 DEBUG 14342 --- [wifi-positioning-service-test] [           main] .w.p.a.s.WeightedAveragePositionCombiner :   Position: lat=1.499999991473508, lon=1.5, accuracy=6.111111111111112, confidence=0.7775000000000001, weight=0.8800000000000001
2025-05-02T23:00:19.281-04:00 DEBUG 14342 --- [wifi-positioning-service-test] [           main] .w.p.a.s.WeightedAveragePositionCombiner :   Position: lat=1.3750428270389194, lon=1.3749571435944732, accuracy=100.0, confidence=0.8, weight=0.595
2025-05-02T23:00:19.281-04:00 DEBUG 14342 --- [wifi-positioning-service-test] [           main] .w.p.a.s.WeightedAveragePositionCombiner : Covariance matrix: [0.0040493096270740655, 0.004052086525257158; 0.004052086525257158, 0.004054865327755857]
2025-05-02T23:00:19.281-04:00 DEBUG 14342 --- [wifi-positioning-service-test] [           main] .w.p.a.s.WeightedAveragePositionCombiner : Is collinear: false
2025-05-02T23:00:19.281-04:00 DEBUG 14342 --- [wifi-positioning-service-test] [           main] .w.p.a.s.WeightedAveragePositionCombiner : Geometric quality factor: 3.0, Condition number: 1.7976931348623157E308
2025-05-02T23:00:19.281-04:00 DEBUG 14342 --- [wifi-positioning-service-test] [           main] .w.p.a.s.WeightedAveragePositionCombiner : Average accuracy: 53.05555555555556, Max accuracy: 100.0
2025-05-02T23:00:19.281-04:00 DEBUG 14342 --- [wifi-positioning-service-test] [           main] .w.p.a.s.WeightedAveragePositionCombiner : Adjusted accuracy: 159.16666666666669
2025-05-02T23:00:19.282-04:00 DEBUG 14342 --- [wifi-positioning-service-test] [           main] .w.p.a.s.WeightedAveragePositionCombiner : Adjusted confidence: 0.4541300219076637
2025-05-02T23:00:19.282-04:00 DEBUG 14342 --- [wifi-positioning-service-test] [           main] .w.p.a.s.WeightedAveragePositionCombiner : Final position: Position[latitude=1.4495935420914199, longitude=1.449558983348279, altitude=26.206855180990665, accuracy=159.16666666666669, confidence=0.4541300219076637]
]]></system-out>
  </testcase>
</testsuite>