<?xml version="1.0" encoding="UTF-8"?>
<testsuite xmlns:xsi="http://www.w3.org/2001/XMLSchema-instance" xsi:noNamespaceSchemaLocation="https://maven.apache.org/surefire/maven-surefire-plugin/xsd/surefire-test-report-3.0.xsd" version="3.0" name="com.wifi.positioning.algorithm.GPSPositioningCalculatorIntegrationTest$AccuracyAndConfidenceIntegrationTests" time="0.14" tests="7" errors="0" skipped="0" failures="0">
  <properties>
[...]
</properties>
  <testcase name="shouldHandleClusteredAPs" classname="com.wifi.positioning.algorithm.GPSPositioningCalculatorIntegrationTest$AccuracyAndConfidenceIntegrationTests" time="0.073">
    <system-out><![CDATA[2025-05-11T15:33:12.107-04:00 DEBUG 21737 --- [wifi-positioning-service-test] [           main] c.w.p.a.factor.GeometricQualityFactor    : Max deviation: 0.009000000000000341, Slope: -0.8
2025-05-11T15:33:12.108-04:00 DEBUG 21737 --- [wifi-positioning-service-test] [           main] c.w.p.algorithm.util.GDOPCalculator      : Calculated GDOP = 1.1526476320290402 for 4 APs
2025-05-11T15:33:12.110-04:00 DEBUG 21737 --- [wifi-positioning-service-test] [           main] c.w.p.a.selection.AlgorithmSelector      : Starting algorithm selection process with context: SelectionContext(apCountFactor=FOUR_PLUS_APS, signalQuality=STRONG_SIGNAL, signalDistribution=UNIFORM_SIGNALS, geometricQuality=EXCELLENT_GDOP)
2025-05-11T15:33:12.122-04:00 DEBUG 21737 --- [wifi-positioning-service-test] [           main] c.w.p.a.selection.AlgorithmSelector      : Applied AP count constraints for FOUR_PLUS_APS
2025-05-11T15:33:12.122-04:00 DEBUG 21737 --- [wifi-positioning-service-test] [           main] c.w.p.a.selection.AlgorithmSelector      : After hard constraints, eligible algorithms: maximum_likelihood, trilateration, log_distance_path_loss, proximity, RSSI Ratio, weighted_centroid
2025-05-11T15:33:12.132-04:00 DEBUG 21737 --- [wifi-positioning-service-test] [           main] c.w.p.a.selection.AlgorithmSelector      : Applying finalist selection phase
2025-05-11T15:33:12.134-04:00 DEBUG 21737 --- [wifi-positioning-service-test] [           main] c.w.p.a.selection.AlgorithmSelector      : After threshold filter (min weight 0.4): 5 algorithms remain
2025-05-11T15:33:12.134-04:00 DEBUG 21737 --- [wifi-positioning-service-test] [           main] c.w.p.a.selection.AlgorithmSelector      : High confidence algorithm detected with weight > 0.8: maximum_likelihood
2025-05-11T15:33:12.135-04:00 DEBUG 21737 --- [wifi-positioning-service-test] [           main] c.w.p.a.selection.AlgorithmSelector      : Limited to primary algorithm with one backup due to high confidence
2025-05-11T15:33:12.136-04:00 DEBUG 21737 --- [wifi-positioning-service-test] [           main] c.w.p.a.selection.AlgorithmSelector      : Final algorithm selection: RSSI Ratio=0.6, trilateration=1.2584000000000002, weighted_centroid=0.7, proximity=0.18000000000000002, log_distance_path_loss=0.44000000000000006, maximum_likelihood=1.296
2025-05-11T15:33:12.144-04:00 DEBUG 21737 --- [wifi-positioning-service-test] [pool-5-thread-1] c.w.p.algorithm.util.GDOPCalculator      : Calculated GDOP = 5.405065711033793 for 4 APs
2025-05-11T15:33:12.144-04:00 DEBUG 21737 --- [wifi-positioning-service-test] [pool-5-thread-2] c.w.p.algorithm.util.GDOPCalculator      : Calculated GDOP = 0.0 for 4 APs
2025-05-11T15:33:12.145-04:00 DEBUG 21737 --- [wifi-positioning-service-test] [pool-5-thread-2] c.w.p.algorithm.util.GDOPCalculator      : Calculated GDOP = 0.0 for 4 APs
2025-05-11T15:33:12.147-04:00 DEBUG 21737 --- [wifi-positioning-service-test] [           main] .w.p.a.s.WeightedAveragePositionCombiner : Combining 2 positions:
2025-05-11T15:33:12.148-04:00 DEBUG 21737 --- [wifi-positioning-service-test] [           main] .w.p.a.s.WeightedAveragePositionCombiner :   Position: lat=0.9883343486216348, lon=0.9883323177356945, accuracy=4.276899641637672, confidence=0.8, weight=1.0696400000000001
2025-05-11T15:33:12.148-04:00 DEBUG 21737 --- [wifi-positioning-service-test] [           main] .w.p.a.s.WeightedAveragePositionCombiner :   Position: lat=1.0022356366521492, lon=1.0065199368839708, accuracy=7.65, confidence=0.7525000000000001, weight=1.0368000000000002
2025-05-11T15:33:12.148-04:00 DEBUG 21737 --- [wifi-positioning-service-test] [           main] .w.p.a.s.WeightedAveragePositionCombiner : Covariance matrix: [4.8323194662862725E-5, 6.322319619785928E-5; 6.322319619785928E-5, 8.271747274492413E-5]
2025-05-11T15:33:12.149-04:00 DEBUG 21737 --- [wifi-positioning-service-test] [           main] .w.p.a.s.WeightedAveragePositionCombiner : Is collinear: false
2025-05-11T15:33:12.149-04:00 DEBUG 21737 --- [wifi-positioning-service-test] [           main] .w.p.a.s.WeightedAveragePositionCombiner : Geometric quality factor: 3.0, Condition number: 1.7976931348623157E308
2025-05-11T15:33:12.149-04:00 DEBUG 21737 --- [wifi-positioning-service-test] [           main] .w.p.a.s.WeightedAveragePositionCombiner : Average accuracy: 5.963449820818836, Max accuracy: 7.65
2025-05-11T15:33:12.149-04:00 DEBUG 21737 --- [wifi-positioning-service-test] [           main] .w.p.a.s.WeightedAveragePositionCombiner : Adjusted accuracy: 17.890349462456506
2025-05-11T15:33:12.149-04:00 DEBUG 21737 --- [wifi-positioning-service-test] [           main] .w.p.a.s.WeightedAveragePositionCombiner : Adjusted confidence: 0.44838192152085316
2025-05-11T15:33:12.149-04:00 DEBUG 21737 --- [wifi-positioning-service-test] [           main] .w.p.a.s.WeightedAveragePositionCombiner : Final position: Position[latitude=0.9951766301155476, longitude=0.9972843522265573, altitude=10.000000000000002, accuracy=17.890349462456506, confidence=0.44838192152085316]
]]></system-out>
  </testcase>
  <testcase name="shouldVerifyAlgorithmSelection" classname="com.wifi.positioning.algorithm.GPSPositioningCalculatorIntegrationTest$AccuracyAndConfidenceIntegrationTests" time="0.009">
    <system-out><![CDATA[2025-05-11T15:33:12.174-04:00 DEBUG 21737 --- [wifi-positioning-service-test] [           main] c.w.p.a.factor.GeometricQualityFactor    : Max deviation: 0.6363636363636362, Slope: 0.36363636363636365
2025-05-11T15:33:12.174-04:00 DEBUG 21737 --- [wifi-positioning-service-test] [           main] c.w.p.algorithm.util.GDOPCalculator      : Calculated GDOP = 1.1992157738907951 for 4 APs
2025-05-11T15:33:12.175-04:00 DEBUG 21737 --- [wifi-positioning-service-test] [           main] c.w.p.a.selection.AlgorithmSelector      : Starting algorithm selection process with context: SelectionContext(apCountFactor=FOUR_PLUS_APS, signalQuality=STRONG_SIGNAL, signalDistribution=UNIFORM_SIGNALS, geometricQuality=EXCELLENT_GDOP)
2025-05-11T15:33:12.175-04:00 DEBUG 21737 --- [wifi-positioning-service-test] [           main] c.w.p.a.selection.AlgorithmSelector      : Applied AP count constraints for FOUR_PLUS_APS
2025-05-11T15:33:12.175-04:00 DEBUG 21737 --- [wifi-positioning-service-test] [           main] c.w.p.a.selection.AlgorithmSelector      : After hard constraints, eligible algorithms: maximum_likelihood, trilateration, log_distance_path_loss, proximity, RSSI Ratio, weighted_centroid
2025-05-11T15:33:12.177-04:00 DEBUG 21737 --- [wifi-positioning-service-test] [           main] c.w.p.a.selection.AlgorithmSelector      : Applying finalist selection phase
2025-05-11T15:33:12.178-04:00 DEBUG 21737 --- [wifi-positioning-service-test] [           main] c.w.p.a.selection.AlgorithmSelector      : After threshold filter (min weight 0.4): 5 algorithms remain
2025-05-11T15:33:12.178-04:00 DEBUG 21737 --- [wifi-positioning-service-test] [           main] c.w.p.a.selection.AlgorithmSelector      : High confidence algorithm detected with weight > 0.8: maximum_likelihood
2025-05-11T15:33:12.178-04:00 DEBUG 21737 --- [wifi-positioning-service-test] [           main] c.w.p.a.selection.AlgorithmSelector      : Limited to primary algorithm with one backup due to high confidence
2025-05-11T15:33:12.178-04:00 DEBUG 21737 --- [wifi-positioning-service-test] [           main] c.w.p.a.selection.AlgorithmSelector      : Final algorithm selection: RSSI Ratio=0.6, trilateration=1.2584000000000002, weighted_centroid=0.7, proximity=0.18000000000000002, log_distance_path_loss=0.44000000000000006, maximum_likelihood=1.296
2025-05-11T15:33:12.180-04:00 DEBUG 21737 --- [wifi-positioning-service-test] [pool-6-thread-1] c.w.p.algorithm.util.GDOPCalculator      : Calculated GDOP = 27.849333464451497 for 4 APs
2025-05-11T15:33:12.180-04:00 DEBUG 21737 --- [wifi-positioning-service-test] [pool-6-thread-2] c.w.p.algorithm.util.GDOPCalculator      : Matrix is singular, returning maximum GDOP
2025-05-11T15:33:12.180-04:00 DEBUG 21737 --- [wifi-positioning-service-test] [pool-6-thread-2] c.w.p.algorithm.util.GDOPCalculator      : Matrix is singular, returning maximum GDOP
2025-05-11T15:33:12.180-04:00 DEBUG 21737 --- [wifi-positioning-service-test] [           main] .w.p.a.s.WeightedAveragePositionCombiner : Combining 2 positions:
2025-05-11T15:33:12.180-04:00 DEBUG 21737 --- [wifi-positioning-service-test] [           main] .w.p.a.s.WeightedAveragePositionCombiner :   Position: lat=1.2249923853377385, lon=1.0131521343820649, accuracy=5.0, confidence=0.8, weight=1.0696400000000001
2025-05-11T15:33:12.180-04:00 DEBUG 21737 --- [wifi-positioning-service-test] [           main] .w.p.a.s.WeightedAveragePositionCombiner :   Position: lat=1.4066201204416582, lon=1.4799755124121299, accuracy=5.0, confidence=0.8, weight=1.0368000000000002
2025-05-11T15:33:12.180-04:00 DEBUG 21737 --- [wifi-positioning-service-test] [           main] .w.p.a.s.WeightedAveragePositionCombiner : Covariance matrix: [0.008249163069253673, 0.02120217029467738; 0.02120217029467738, 0.05449425856060455]
2025-05-11T15:33:12.180-04:00 DEBUG 21737 --- [wifi-positioning-service-test] [           main] .w.p.a.s.WeightedAveragePositionCombiner : Is collinear: false
2025-05-11T15:33:12.180-04:00 DEBUG 21737 --- [wifi-positioning-service-test] [           main] .w.p.a.s.WeightedAveragePositionCombiner : Geometric quality factor: 3.0, Condition number: 1.7976931348623157E308
2025-05-11T15:33:12.181-04:00 DEBUG 21737 --- [wifi-positioning-service-test] [           main] .w.p.a.s.WeightedAveragePositionCombiner : Average accuracy: 5.0, Max accuracy: 5.0
2025-05-11T15:33:12.181-04:00 DEBUG 21737 --- [wifi-positioning-service-test] [           main] .w.p.a.s.WeightedAveragePositionCombiner : Adjusted accuracy: 15.0
2025-05-11T15:33:12.181-04:00 DEBUG 21737 --- [wifi-positioning-service-test] [           main] .w.p.a.s.WeightedAveragePositionCombiner : Adjusted confidence: 0.4618802153517007
2025-05-11T15:33:12.181-04:00 DEBUG 21737 --- [wifi-positioning-service-test] [           main] .w.p.a.s.WeightedAveragePositionCombiner : Final position: Position[latitude=1.3143904388098262, longitude=1.2429248686358636, altitude=10.0, accuracy=15.0, confidence=0.4618802153517007]
]]></system-out>
  </testcase>
  <testcase name="shouldReturnLowerAccuracyConfidenceForWeakSignals" classname="com.wifi.positioning.algorithm.GPSPositioningCalculatorIntegrationTest$AccuracyAndConfidenceIntegrationTests" time="0.008">
    <system-out><![CDATA[2025-05-11T15:33:12.183-04:00 DEBUG 21737 --- [wifi-positioning-service-test] [           main] c.w.p.a.factor.GeometricQualityFactor    : Max deviation: 0.6363636363636362, Slope: 0.36363636363636365
2025-05-11T15:33:12.183-04:00 DEBUG 21737 --- [wifi-positioning-service-test] [           main] c.w.p.algorithm.util.GDOPCalculator      : Calculated GDOP = 1.1770725756499654 for 4 APs
2025-05-11T15:33:12.183-04:00 DEBUG 21737 --- [wifi-positioning-service-test] [           main] c.w.p.a.selection.AlgorithmSelector      : Starting algorithm selection process with context: SelectionContext(apCountFactor=FOUR_PLUS_APS, signalQuality=WEAK_SIGNAL, signalDistribution=UNIFORM_SIGNALS, geometricQuality=EXCELLENT_GDOP)
2025-05-11T15:33:12.184-04:00 DEBUG 21737 --- [wifi-positioning-service-test] [           main] c.w.p.a.selection.AlgorithmSelector      : Applied AP count constraints for FOUR_PLUS_APS
2025-05-11T15:33:12.184-04:00 DEBUG 21737 --- [wifi-positioning-service-test] [           main] c.w.p.a.selection.AlgorithmSelector      : After hard constraints, eligible algorithms: maximum_likelihood, trilateration, log_distance_path_loss, proximity, RSSI Ratio, weighted_centroid
2025-05-11T15:33:12.185-04:00 DEBUG 21737 --- [wifi-positioning-service-test] [           main] c.w.p.a.selection.AlgorithmSelector      : Applying finalist selection phase
2025-05-11T15:33:12.185-04:00 DEBUG 21737 --- [wifi-positioning-service-test] [           main] c.w.p.a.selection.AlgorithmSelector      : After threshold filter (min weight 0.4): 2 algorithms remain
2025-05-11T15:33:12.186-04:00 DEBUG 21737 --- [wifi-positioning-service-test] [           main] c.w.p.a.selection.AlgorithmSelector      : Final algorithm selection: maximum_likelihood=0.54, trilateration=0.3432, proximity=0.08000000000000002, RSSI Ratio=0.36, log_distance_path_loss=0.264, weighted_centroid=0.5599999999999999
2025-05-11T15:33:12.188-04:00 DEBUG 21737 --- [wifi-positioning-service-test] [pool-7-thread-2] c.w.p.algorithm.util.GDOPCalculator      : Matrix is singular, returning maximum GDOP
2025-05-11T15:33:12.190-04:00 DEBUG 21737 --- [wifi-positioning-service-test] [pool-7-thread-2] c.w.p.algorithm.util.GDOPCalculator      : Matrix is singular, returning maximum GDOP
]]></system-out>
  </testcase>
  <testcase name="shouldHandleCollinearAPs" classname="com.wifi.positioning.algorithm.GPSPositioningCalculatorIntegrationTest$AccuracyAndConfidenceIntegrationTests" time="0.006">
    <system-out><![CDATA[2025-05-11T15:33:12.192-04:00 DEBUG 21737 --- [wifi-positioning-service-test] [           main] c.w.p.a.selection.AlgorithmSelector      : Starting algorithm selection process with context: SelectionContext(apCountFactor=THREE_APS, signalQuality=STRONG_SIGNAL, signalDistribution=MIXED_SIGNALS, geometricQuality=COLLINEAR)
2025-05-11T15:33:12.192-04:00 DEBUG 21737 --- [wifi-positioning-service-test] [           main] c.w.p.a.selection.AlgorithmSelector      : Applied AP count constraints for THREE_APS
2025-05-11T15:33:12.194-04:00 DEBUG 21737 --- [wifi-positioning-service-test] [           main] c.w.p.a.selection.AlgorithmSelector      : Applied geometric constraints (geometry quality: COLLINEAR)
2025-05-11T15:33:12.194-04:00 DEBUG 21737 --- [wifi-positioning-service-test] [           main] c.w.p.a.selection.AlgorithmSelector      : After hard constraints, eligible algorithms: log_distance_path_loss, proximity, RSSI Ratio, weighted_centroid
2025-05-11T15:33:12.195-04:00 DEBUG 21737 --- [wifi-positioning-service-test] [           main] c.w.p.a.selection.AlgorithmSelector      : Applying finalist selection phase
2025-05-11T15:33:12.195-04:00 DEBUG 21737 --- [wifi-positioning-service-test] [           main] c.w.p.a.selection.AlgorithmSelector      : After threshold filter (min weight 0.4): 2 algorithms remain
2025-05-11T15:33:12.195-04:00 DEBUG 21737 --- [wifi-positioning-service-test] [           main] c.w.p.a.selection.AlgorithmSelector      : High confidence algorithm detected with weight > 0.8: weighted_centroid
2025-05-11T15:33:12.196-04:00 DEBUG 21737 --- [wifi-positioning-service-test] [           main] c.w.p.a.selection.AlgorithmSelector      : Limited to primary algorithm with one backup due to high confidence
2025-05-11T15:33:12.196-04:00 DEBUG 21737 --- [wifi-positioning-service-test] [           main] c.w.p.a.selection.AlgorithmSelector      : Final algorithm selection: log_distance_path_loss=0.12, proximity=0.189, RSSI Ratio=0.63, weighted_centroid=1.5840000000000003
]]></system-out>
  </testcase>
  <testcase name="shouldReturnHighAccuracyConfidenceForStrongSignals" classname="com.wifi.positioning.algorithm.GPSPositioningCalculatorIntegrationTest$AccuracyAndConfidenceIntegrationTests" time="0.009">
    <system-out><![CDATA[2025-05-11T15:33:12.200-04:00 DEBUG 21737 --- [wifi-positioning-service-test] [           main] c.w.p.a.factor.GeometricQualityFactor    : Max deviation: 0.6363636363636362, Slope: 0.36363636363636365
2025-05-11T15:33:12.200-04:00 DEBUG 21737 --- [wifi-positioning-service-test] [           main] c.w.p.algorithm.util.GDOPCalculator      : Calculated GDOP = 1.189551451036809 for 4 APs
2025-05-11T15:33:12.201-04:00 DEBUG 21737 --- [wifi-positioning-service-test] [           main] c.w.p.a.selection.AlgorithmSelector      : Starting algorithm selection process with context: SelectionContext(apCountFactor=FOUR_PLUS_APS, signalQuality=STRONG_SIGNAL, signalDistribution=UNIFORM_SIGNALS, geometricQuality=EXCELLENT_GDOP)
2025-05-11T15:33:12.201-04:00 DEBUG 21737 --- [wifi-positioning-service-test] [           main] c.w.p.a.selection.AlgorithmSelector      : Applied AP count constraints for FOUR_PLUS_APS
2025-05-11T15:33:12.201-04:00 DEBUG 21737 --- [wifi-positioning-service-test] [           main] c.w.p.a.selection.AlgorithmSelector      : After hard constraints, eligible algorithms: maximum_likelihood, trilateration, log_distance_path_loss, proximity, RSSI Ratio, weighted_centroid
2025-05-11T15:33:12.202-04:00 DEBUG 21737 --- [wifi-positioning-service-test] [           main] c.w.p.a.selection.AlgorithmSelector      : Applying finalist selection phase
2025-05-11T15:33:12.202-04:00 DEBUG 21737 --- [wifi-positioning-service-test] [           main] c.w.p.a.selection.AlgorithmSelector      : After threshold filter (min weight 0.4): 5 algorithms remain
2025-05-11T15:33:12.202-04:00 DEBUG 21737 --- [wifi-positioning-service-test] [           main] c.w.p.a.selection.AlgorithmSelector      : High confidence algorithm detected with weight > 0.8: maximum_likelihood
2025-05-11T15:33:12.202-04:00 DEBUG 21737 --- [wifi-positioning-service-test] [           main] c.w.p.a.selection.AlgorithmSelector      : Limited to primary algorithm with one backup due to high confidence
2025-05-11T15:33:12.203-04:00 DEBUG 21737 --- [wifi-positioning-service-test] [           main] c.w.p.a.selection.AlgorithmSelector      : Final algorithm selection: RSSI Ratio=0.6, trilateration=1.2584000000000002, weighted_centroid=0.7, proximity=0.18000000000000002, log_distance_path_loss=0.44000000000000006, maximum_likelihood=1.296
2025-05-11T15:33:12.204-04:00 DEBUG 21737 --- [wifi-positioning-service-test] [pool-9-thread-2] c.w.p.algorithm.util.GDOPCalculator      : Matrix is singular, returning maximum GDOP
2025-05-11T15:33:12.204-04:00 DEBUG 21737 --- [wifi-positioning-service-test] [pool-9-thread-1] c.w.p.algorithm.util.GDOPCalculator      : Calculated GDOP = 27.849333464451497 for 4 APs
2025-05-11T15:33:12.204-04:00 DEBUG 21737 --- [wifi-positioning-service-test] [pool-9-thread-2] c.w.p.algorithm.util.GDOPCalculator      : Matrix is singular, returning maximum GDOP
2025-05-11T15:33:12.205-04:00 DEBUG 21737 --- [wifi-positioning-service-test] [           main] .w.p.a.s.WeightedAveragePositionCombiner : Combining 2 positions:
2025-05-11T15:33:12.207-04:00 DEBUG 21737 --- [wifi-positioning-service-test] [           main] .w.p.a.s.WeightedAveragePositionCombiner :   Position: lat=1.2249923853377385, lon=1.0231134925166545, accuracy=5.0, confidence=0.8, weight=1.0696400000000001
2025-05-11T15:33:12.207-04:00 DEBUG 21737 --- [wifi-positioning-service-test] [           main] .w.p.a.s.WeightedAveragePositionCombiner :   Position: lat=1.442612460405469, lon=1.522473509732693, accuracy=5.0, confidence=0.8, weight=1.0368000000000002
2025-05-11T15:33:12.207-04:00 DEBUG 21737 --- [wifi-positioning-service-test] [           main] .w.p.a.s.WeightedAveragePositionCombiner : Covariance matrix: [0.011842501971526994, 0.02717429440524803; 0.02717429440524803, 0.06235525889702498]
2025-05-11T15:33:12.207-04:00 DEBUG 21737 --- [wifi-positioning-service-test] [           main] .w.p.a.s.WeightedAveragePositionCombiner : Is collinear: false
2025-05-11T15:33:12.207-04:00 DEBUG 21737 --- [wifi-positioning-service-test] [           main] .w.p.a.s.WeightedAveragePositionCombiner : Geometric quality factor: 3.0, Condition number: 1.7976931348623157E308
2025-05-11T15:33:12.207-04:00 DEBUG 21737 --- [wifi-positioning-service-test] [           main] .w.p.a.s.WeightedAveragePositionCombiner : Average accuracy: 5.0, Max accuracy: 5.0
2025-05-11T15:33:12.207-04:00 DEBUG 21737 --- [wifi-positioning-service-test] [           main] .w.p.a.s.WeightedAveragePositionCombiner : Adjusted accuracy: 15.0
2025-05-11T15:33:12.207-04:00 DEBUG 21737 --- [wifi-positioning-service-test] [           main] .w.p.a.s.WeightedAveragePositionCombiner : Adjusted confidence: 0.4618802153517007
2025-05-11T15:33:12.207-04:00 DEBUG 21737 --- [wifi-positioning-service-test] [           main] .w.p.a.s.WeightedAveragePositionCombiner : Final position: Position[latitude=1.3321060433722534, longitude=1.2689009186240152, altitude=10.0, accuracy=15.0, confidence=0.4618802153517007]
]]></system-out>
  </testcase>
  <testcase name="shouldHandleMixedSignalQuality" classname="com.wifi.positioning.algorithm.GPSPositioningCalculatorIntegrationTest$AccuracyAndConfidenceIntegrationTests" time="0.012">
    <system-out><![CDATA[2025-05-11T15:33:12.208-04:00 DEBUG 21737 --- [wifi-positioning-service-test] [           main] c.w.p.a.factor.GeometricQualityFactor    : Max deviation: 0.6363636363636362, Slope: 0.36363636363636365
2025-05-11T15:33:12.209-04:00 DEBUG 21737 --- [wifi-positioning-service-test] [           main] c.w.p.algorithm.util.GDOPCalculator      : Calculated GDOP = 1.4867296256483213 for 4 APs
2025-05-11T15:33:12.209-04:00 DEBUG 21737 --- [wifi-positioning-service-test] [           main] c.w.p.a.selection.AlgorithmSelector      : Starting algorithm selection process with context: SelectionContext(apCountFactor=FOUR_PLUS_APS, signalQuality=MEDIUM_SIGNAL, signalDistribution=SIGNAL_OUTLIERS, geometricQuality=EXCELLENT_GDOP)
2025-05-11T15:33:12.209-04:00 DEBUG 21737 --- [wifi-positioning-service-test] [           main] c.w.p.a.selection.AlgorithmSelector      : Applied AP count constraints for FOUR_PLUS_APS
2025-05-11T15:33:12.210-04:00 DEBUG 21737 --- [wifi-positioning-service-test] [           main] c.w.p.a.selection.AlgorithmSelector      : After hard constraints, eligible algorithms: maximum_likelihood, trilateration, log_distance_path_loss, proximity, RSSI Ratio, weighted_centroid
2025-05-11T15:33:12.211-04:00 DEBUG 21737 --- [wifi-positioning-service-test] [           main] c.w.p.a.selection.AlgorithmSelector      : Applying finalist selection phase
2025-05-11T15:33:12.211-04:00 DEBUG 21737 --- [wifi-positioning-service-test] [           main] c.w.p.a.selection.AlgorithmSelector      : After threshold filter (min weight 0.4): 3 algorithms remain
2025-05-11T15:33:12.212-04:00 DEBUG 21737 --- [wifi-positioning-service-test] [           main] c.w.p.a.selection.AlgorithmSelector      : High confidence algorithm detected with weight > 0.8: maximum_likelihood
2025-05-11T15:33:12.212-04:00 DEBUG 21737 --- [wifi-positioning-service-test] [           main] c.w.p.a.selection.AlgorithmSelector      : Limited to primary algorithm with one backup due to high confidence
2025-05-11T15:33:12.212-04:00 DEBUG 21737 --- [wifi-positioning-service-test] [           main] c.w.p.a.selection.AlgorithmSelector      : Final algorithm selection: weighted_centroid=0.9799999999999999, trilateration=0.4160000000000001, log_distance_path_loss=0.25600000000000006, RSSI Ratio=0.315, maximum_likelihood=1.296, proximity=0.126
2025-05-11T15:33:12.213-04:00 DEBUG 21737 --- [wifi-positioning-service-test] [ool-10-thread-2] c.w.p.algorithm.util.GDOPCalculator      : Matrix is singular, returning maximum GDOP
2025-05-11T15:33:12.219-04:00 DEBUG 21737 --- [wifi-positioning-service-test] [ool-10-thread-2] c.w.p.algorithm.util.GDOPCalculator      : Matrix is singular, returning maximum GDOP
]]></system-out>
  </testcase>
  <testcase name="shouldHaveImprovedMetricsWithManyAPs" classname="com.wifi.positioning.algorithm.GPSPositioningCalculatorIntegrationTest$AccuracyAndConfidenceIntegrationTests" time="0.014">
    <system-out><![CDATA[2025-05-11T15:33:12.224-04:00 DEBUG 21737 --- [wifi-positioning-service-test] [           main] c.w.p.a.factor.GeometricQualityFactor    : Max deviation: 0.5, Slope: 0.0
2025-05-11T15:33:12.224-04:00 DEBUG 21737 --- [wifi-positioning-service-test] [           main] c.w.p.algorithm.util.GDOPCalculator      : Calculated GDOP = 0.7537875284735369 for 9 APs
2025-05-11T15:33:12.224-04:00 DEBUG 21737 --- [wifi-positioning-service-test] [           main] c.w.p.a.selection.AlgorithmSelector      : Starting algorithm selection process with context: SelectionContext(apCountFactor=FOUR_PLUS_APS, signalQuality=MEDIUM_SIGNAL, signalDistribution=MIXED_SIGNALS, geometricQuality=EXCELLENT_GDOP)
2025-05-11T15:33:12.224-04:00 DEBUG 21737 --- [wifi-positioning-service-test] [           main] c.w.p.a.selection.AlgorithmSelector      : Applied AP count constraints for FOUR_PLUS_APS
2025-05-11T15:33:12.224-04:00 DEBUG 21737 --- [wifi-positioning-service-test] [           main] c.w.p.a.selection.AlgorithmSelector      : After hard constraints, eligible algorithms: maximum_likelihood, trilateration, log_distance_path_loss, proximity, RSSI Ratio, weighted_centroid
2025-05-11T15:33:12.227-04:00 DEBUG 21737 --- [wifi-positioning-service-test] [           main] c.w.p.a.selection.AlgorithmSelector      : Applying finalist selection phase
2025-05-11T15:33:12.227-04:00 DEBUG 21737 --- [wifi-positioning-service-test] [           main] c.w.p.a.selection.AlgorithmSelector      : After threshold filter (min weight 0.4): 4 algorithms remain
2025-05-11T15:33:12.227-04:00 DEBUG 21737 --- [wifi-positioning-service-test] [           main] c.w.p.a.selection.AlgorithmSelector      : High confidence algorithm detected with weight > 0.8: weighted_centroid
2025-05-11T15:33:12.228-04:00 DEBUG 21737 --- [wifi-positioning-service-test] [           main] c.w.p.a.selection.AlgorithmSelector      : Limited to primary algorithm with one backup due to high confidence
2025-05-11T15:33:12.228-04:00 DEBUG 21737 --- [wifi-positioning-service-test] [           main] c.w.p.a.selection.AlgorithmSelector      : Final algorithm selection: proximity=0.09799999999999999, maximum_likelihood=1.1880000000000002, trilateration=0.6656000000000002, RSSI Ratio=0.405, log_distance_path_loss=0.25600000000000006, weighted_centroid=1.26
2025-05-11T15:33:12.231-04:00 DEBUG 21737 --- [wifi-positioning-service-test] [ool-11-thread-2] c.w.p.algorithm.util.GDOPCalculator      : Calculated GDOP = 0.0 for 9 APs
2025-05-11T15:33:12.235-04:00 DEBUG 21737 --- [wifi-positioning-service-test] [ool-11-thread-2] c.w.p.algorithm.util.GDOPCalculator      : Calculated GDOP = 36460.05886677092 for 9 APs
]]></system-out>
  </testcase>
</testsuite>